<?xml version="1.0" encoding="UTF-8"?>
<!-- Generated by org.testng.reporters.JUnitReportReporter -->
<testsuite skipped="0" hostname="Icarus" name="Selenium.letsKodItTestCase01" tests="10" failures="0" timestamp="2019-11-24T02:55:27 IST" time="17.493" errors="0">
  <testcase name="testCase07" time="0.356" classname="Selenium.letsKodItTestCase01"/>
  <testcase name="testCase03" time="0.290" classname="Selenium.letsKodItTestCase01"/>
  <testcase name="testCase08" time="0.414" classname="Selenium.letsKodItTestCase01"/>
  <testcase name="testCase02" time="0.340" classname="Selenium.letsKodItTestCase01"/>
  <testcase name="testCase01" time="0.292" classname="Selenium.letsKodItTestCase01"/>
  <testcase name="testCase10" time="10.565" classname="Selenium.letsKodItTestCase01"/>
  <testcase name="testCase05" time="4.449" classname="Selenium.letsKodItTestCase01"/>
  <testcase name="testCase04" time="0.276" classname="Selenium.letsKodItTestCase01"/>
  <testcase name="testCase06" time="0.347" classname="Selenium.letsKodItTestCase01"/>
  <testcase name="testCase09" time="0.164" classname="Selenium.letsKodItTestCase01"/>
</testsuite> <!-- Selenium.letsKodItTestCase01 -->
