<?xml version="1.0" encoding="UTF-8"?>
<!-- Generated by org.testng.reporters.JUnitReportReporter -->
<testsuite skipped="1" hostname="Icarus" name="resources.TestRunner" tests="1" failures="0" timestamp="2019-11-27T01:39:33 IST" time="13.106" errors="0">
  <testcase name="run_cukes" time="13.106" classname="resources.TestRunner">
    <skipped/>
  </testcase> <!-- run_cukes -->
</testsuite> <!-- resources.TestRunner -->
