<?xml version="1.0" encoding="UTF-8"?>
<!-- Generated by org.testng.reporters.JUnitReportReporter -->
<testsuite skipped="1" hostname="Icarus" name="stepDefinitions.TestRunner" tests="1" failures="0" timestamp="2019-11-25T15:55:16 IST" time="0.455" errors="0">
  <testcase name="run_cukes" time="0.455" classname="stepDefinitions.TestRunner">
    <skipped/>
  </testcase> <!-- run_cukes -->
</testsuite> <!-- stepDefinitions.TestRunner -->
